2022-10-13 09:10:00,985 [1] INFO  Microsoft.Hosting.Lifetime - Now listening on: https://localhost:5002
2022-10-13 09:10:00,994 [1] INFO  Microsoft.Hosting.Lifetime - Application started. Press Ctrl+C to shut down.
2022-10-13 09:10:00,995 [1] INFO  Microsoft.Hosting.Lifetime - Hosting environment: Development
2022-10-13 09:10:00,995 [1] INFO  Microsoft.Hosting.Lifetime - Content root path: D:\work\notplatform.git\not-microapp\service\NPlatform.API\
2022-10-13 09:12:56,290 [1] INFO  Microsoft.Hosting.Lifetime - Now listening on: https://localhost:5002
2022-10-13 09:12:56,299 [1] INFO  Microsoft.Hosting.Lifetime - Application started. Press Ctrl+C to shut down.
2022-10-13 09:12:56,310 [1] INFO  Microsoft.Hosting.Lifetime - Hosting environment: Development
2022-10-13 09:12:56,310 [1] INFO  Microsoft.Hosting.Lifetime - Content root path: D:\work\notplatform.git\not-microapp\service\NPlatform.API\
2022-10-13 09:21:12,430 [29] ERROR Microsoft.AspNetCore.Diagnostics.DeveloperExceptionPageMiddleware - An unhandled exception has occurred while executing the request.
System.InvalidOperationException: No authenticationScheme was specified, and there was no DefaultChallengeScheme found. The default schemes can be set using either AddAuthentication(string defaultScheme) or AddAuthentication(Action<AuthenticationOptions> configureOptions).
   at Microsoft.AspNetCore.Authentication.AuthenticationService.ChallengeAsync(HttpContext context, String scheme, AuthenticationProperties properties)
   at Microsoft.AspNetCore.Authorization.Policy.AuthorizationMiddlewareResultHandler.HandleAsync(RequestDelegate next, HttpContext context, AuthorizationPolicy policy, PolicyAuthorizationResult authorizeResult)
   at Microsoft.AspNetCore.Authorization.AuthorizationMiddleware.Invoke(HttpContext context)
   at Swashbuckle.AspNetCore.SwaggerUI.SwaggerUIMiddleware.Invoke(HttpContext httpContext)
   at Swashbuckle.AspNetCore.Swagger.SwaggerMiddleware.Invoke(HttpContext httpContext, ISwaggerProvider swaggerProvider)
   at Microsoft.AspNetCore.Diagnostics.DeveloperExceptionPageMiddleware.Invoke(HttpContext context)
2022-10-13 10:17:25,849 [1] INFO  Microsoft.Hosting.Lifetime - Now listening on: https://localhost:5002
2022-10-13 10:17:25,857 [1] INFO  Microsoft.Hosting.Lifetime - Application started. Press Ctrl+C to shut down.
2022-10-13 10:17:25,858 [1] INFO  Microsoft.Hosting.Lifetime - Hosting environment: Development
2022-10-13 10:17:25,858 [1] INFO  Microsoft.Hosting.Lifetime - Content root path: D:\work\notplatform.git\not-microapp\service\NPlatform.API\
